INFO 2025-11-12 15:31:40 views 14248 2412 Requesting Open-Meteo API for Silay City: https://api.open-meteo.com/v1/forecast
INFO 2025-11-12 15:31:41 views 14248 2412 API returned - Rain: 0.0mm, Temp: 30.5°C, Humidity: 63%, Wind: 5.6km/h
INFO 2025-11-12 15:31:41 views 14248 2412 Processed 7 days of weather forecast
INFO 2025-11-12 21:36:43 views 17308 12580 Requesting Open-Meteo API for Silay City: https://api.open-meteo.com/v1/forecast
INFO 2025-11-12 21:36:44 views 17308 12580 API returned - Rain: 0.0mm, Temp: 25.9°C, Humidity: 93%, Wind: 4.0km/h
INFO 2025-11-12 21:36:44 views 17308 12580 Processed 7 days of weather forecast
INFO 2025-11-12 21:36:44 views 17308 12580 Created new rainfall record: 0.0mm
INFO 2025-11-12 21:36:44 views 17308 12580 Created new weather record
INFO 2025-11-12 21:36:44 views 17308 12580 Requesting WorldTides API for Cebu City: https://www.worldtides.info/api/v3
INFO 2025-11-12 21:36:46 views 17308 12580 Created new tide record: 0.037m from WorldTides API
INFO 2025-11-13 17:46:09 views 25960 16268 Requesting Open-Meteo API for Silay City: https://api.open-meteo.com/v1/forecast
INFO 2025-11-13 17:46:10 views 25960 16268 API returned - Rain: 0.0mm, Temp: 27.5°C, Humidity: 89%, Wind: 8.0km/h
INFO 2025-11-13 17:46:10 views 25960 16268 Processed 7 days of weather forecast
INFO 2025-11-13 17:46:10 views 25960 16268 Created new rainfall record: 0.0mm
INFO 2025-11-13 17:46:10 views 25960 16268 Created new weather record
INFO 2025-11-13 17:46:10 views 25960 16268 Requesting WorldTides API for Cebu City: https://www.worldtides.info/api/v3
INFO 2025-11-13 17:46:12 views 25960 16268 Created new tide record: -0.026m from WorldTides API
INFO 2025-11-13 17:47:10 views 25960 16268 Flood record created: 15 - Flash Flood
INFO 2025-11-13 17:47:12 views 25960 16268 Requesting Open-Meteo API for Silay City: https://api.open-meteo.com/v1/forecast
INFO 2025-11-13 17:47:13 views 25960 16268 API returned - Rain: 0.0mm, Temp: 27.5°C, Humidity: 89%, Wind: 8.0km/h
INFO 2025-11-13 17:47:13 views 25960 16268 Processed 7 days of weather forecast
INFO 2025-11-13 17:47:29 views 25960 16268 Flood record deleted: 15 - Flash Flood
INFO 2025-11-13 17:47:29 views 25960 16268 Requesting Open-Meteo API for Silay City: https://api.open-meteo.com/v1/forecast
INFO 2025-11-13 17:47:30 views 25960 16268 API returned - Rain: 0.0mm, Temp: 27.5°C, Humidity: 89%, Wind: 8.0km/h
INFO 2025-11-13 17:47:30 views 25960 16268 Processed 7 days of weather forecast
INFO 2025-11-13 18:08:52 views 28440 11624 Requesting Open-Meteo API for Silay City: https://api.open-meteo.com/v1/forecast
INFO 2025-11-13 18:08:53 views 28440 11624 API returned - Rain: 0.0mm, Temp: 27.4°C, Humidity: 90%, Wind: 7.6km/h
INFO 2025-11-13 18:08:53 views 28440 11624 Processed 7 days of weather forecast
INFO 2025-11-13 18:09:12 views 28440 11624 Flood record created: 16 - Flash Flood
INFO 2025-11-13 18:09:14 views 28440 11624 Requesting Open-Meteo API for Silay City: https://api.open-meteo.com/v1/forecast
INFO 2025-11-13 18:09:15 views 28440 11624 API returned - Rain: 0.0mm, Temp: 27.4°C, Humidity: 90%, Wind: 7.6km/h
INFO 2025-11-13 18:09:15 views 28440 11624 Processed 7 days of weather forecast
INFO 2025-11-13 18:10:26 views 28440 11624 Flood record deleted: 16 - Flash Flood
INFO 2025-11-13 18:10:26 views 28440 11624 Requesting Open-Meteo API for Silay City: https://api.open-meteo.com/v1/forecast
INFO 2025-11-13 18:10:27 views 28440 11624 API returned - Rain: 0.0mm, Temp: 27.4°C, Humidity: 90%, Wind: 7.6km/h
INFO 2025-11-13 18:10:27 views 28440 11624 Processed 7 days of weather forecast
INFO 2025-11-13 18:12:35 views 6948 30576 Requesting Open-Meteo API for Silay City: https://api.open-meteo.com/v1/forecast
INFO 2025-11-13 18:12:36 views 6948 30576 API returned - Rain: 0.0mm, Temp: 27.4°C, Humidity: 90%, Wind: 7.6km/h
INFO 2025-11-13 18:12:36 views 6948 30576 Processed 7 days of weather forecast
INFO 2025-11-13 18:12:52 views 6948 30576 Flood record created: 17 - Flood
INFO 2025-11-13 18:12:54 views 6948 30576 Requesting Open-Meteo API for Silay City: https://api.open-meteo.com/v1/forecast
INFO 2025-11-13 18:12:55 views 6948 30576 API returned - Rain: 0.0mm, Temp: 27.4°C, Humidity: 90%, Wind: 7.6km/h
INFO 2025-11-13 18:12:55 views 6948 30576 Processed 7 days of weather forecast
INFO 2025-11-13 18:13:02 views 6948 30576 Flood record deleted: 17 - Flood
INFO 2025-11-13 18:13:02 views 6948 30576 Requesting Open-Meteo API for Silay City: https://api.open-meteo.com/v1/forecast
INFO 2025-11-13 18:13:03 views 6948 30576 API returned - Rain: 0.0mm, Temp: 27.4°C, Humidity: 90%, Wind: 7.6km/h
INFO 2025-11-13 18:13:03 views 6948 30576 Processed 7 days of weather forecast
INFO 2025-11-13 18:13:48 views 29920 17300 Requesting Open-Meteo API for Silay City: https://api.open-meteo.com/v1/forecast
INFO 2025-11-13 18:13:49 views 29920 17300 API returned - Rain: 0.0mm, Temp: 27.4°C, Humidity: 90%, Wind: 7.6km/h
INFO 2025-11-13 18:13:49 views 29920 17300 Processed 7 days of weather forecast
INFO 2025-11-13 18:13:59 views 29920 17300 Flood record created: 18 - Flood
INFO 2025-11-13 18:14:01 views 29920 17300 Requesting Open-Meteo API for Silay City: https://api.open-meteo.com/v1/forecast
INFO 2025-11-13 18:14:02 views 29920 17300 API returned - Rain: 0.0mm, Temp: 27.4°C, Humidity: 90%, Wind: 7.6km/h
INFO 2025-11-13 18:14:02 views 29920 17300 Processed 7 days of weather forecast
INFO 2025-11-13 18:14:13 views 29920 17300 Flood record deleted: 18 - Flood
INFO 2025-11-13 18:14:13 views 29920 17300 Requesting Open-Meteo API for Silay City: https://api.open-meteo.com/v1/forecast
INFO 2025-11-13 18:14:14 views 29920 17300 API returned - Rain: 0.0mm, Temp: 27.4°C, Humidity: 90%, Wind: 7.6km/h
INFO 2025-11-13 18:14:14 views 29920 17300 Processed 7 days of weather forecast
INFO 2025-11-13 18:16:59 views 28568 29148 Requesting Open-Meteo API for Silay City: https://api.open-meteo.com/v1/forecast
INFO 2025-11-13 18:17:00 views 28568 29148 API returned - Rain: 0.0mm, Temp: 27.3°C, Humidity: 91%, Wind: 7.1km/h
INFO 2025-11-13 18:17:00 views 28568 29148 Processed 7 days of weather forecast
INFO 2025-11-13 18:17:16 views 28568 29148 Flood record created: 19 - Flood
INFO 2025-11-13 18:17:18 views 28568 29148 Requesting Open-Meteo API for Silay City: https://api.open-meteo.com/v1/forecast
INFO 2025-11-13 18:17:19 views 28568 29148 API returned - Rain: 0.0mm, Temp: 27.3°C, Humidity: 91%, Wind: 7.1km/h
INFO 2025-11-13 18:17:19 views 28568 29148 Processed 7 days of weather forecast
INFO 2025-11-13 18:17:26 views 28568 29148 Requesting Open-Meteo API for Silay City: https://api.open-meteo.com/v1/forecast
INFO 2025-11-13 18:17:27 views 28568 29148 API returned - Rain: 0.0mm, Temp: 27.3°C, Humidity: 91%, Wind: 7.1km/h
INFO 2025-11-13 18:17:27 views 28568 29148 Processed 7 days of weather forecast
INFO 2025-11-13 18:17:44 views 28568 29148 Flood record deleted: 19 - Flood
INFO 2025-11-13 18:17:44 views 28568 29148 Requesting Open-Meteo API for Silay City: https://api.open-meteo.com/v1/forecast
INFO 2025-11-13 18:17:45 views 28568 29148 API returned - Rain: 0.0mm, Temp: 27.3°C, Humidity: 91%, Wind: 7.1km/h
INFO 2025-11-13 18:17:45 views 28568 29148 Processed 7 days of weather forecast
INFO 2025-11-13 18:18:04 views 27012 18348 Requesting Open-Meteo API for Silay City: https://api.open-meteo.com/v1/forecast
INFO 2025-11-13 18:18:05 views 27012 18348 API returned - Rain: 0.0mm, Temp: 27.3°C, Humidity: 91%, Wind: 7.1km/h
INFO 2025-11-13 18:18:05 views 27012 18348 Processed 7 days of weather forecast
INFO 2025-11-13 18:23:32 views 27012 18348 Requesting Open-Meteo API for Silay City: https://api.open-meteo.com/v1/forecast
INFO 2025-11-13 18:23:33 views 27012 18348 API returned - Rain: 0.0mm, Temp: 27.3°C, Humidity: 91%, Wind: 7.1km/h
INFO 2025-11-13 18:23:33 views 27012 18348 Processed 7 days of weather forecast
INFO 2025-11-14 23:40:12 views 17124 17804 Requesting Open-Meteo API for Silay City: https://api.open-meteo.com/v1/forecast
INFO 2025-11-14 23:40:15 views 17124 17804 API returned - Rain: 0.0mm, Temp: 25.8°C, Humidity: 95%, Wind: 10.4km/h
INFO 2025-11-14 23:40:15 views 17124 17804 Processed 7 days of weather forecast
INFO 2025-11-14 23:40:15 views 17124 17804 Created new rainfall record: 0.0mm
INFO 2025-11-14 23:40:15 views 17124 17804 Created new weather record
INFO 2025-11-14 23:40:15 views 17124 17804 Requesting WorldTides API for Cebu City: https://www.worldtides.info/api/v3
INFO 2025-11-14 23:40:16 views 17124 17804 Created new tide record: 0.075m from WorldTides API
INFO 2025-11-14 23:42:03 views 17124 17804 Requesting Open-Meteo API for Silay City: https://api.open-meteo.com/v1/forecast
INFO 2025-11-14 23:42:05 views 17124 17804 API returned - Rain: 0.0mm, Temp: 25.8°C, Humidity: 95%, Wind: 10.4km/h
INFO 2025-11-14 23:42:05 views 17124 17804 Processed 7 days of weather forecast
INFO 2025-11-14 23:59:22 views 17124 16664 Requesting Open-Meteo API for Silay City: https://api.open-meteo.com/v1/forecast
INFO 2025-11-14 23:59:23 views 17124 16664 API returned - Rain: 0.0mm, Temp: 25.7°C, Humidity: 95%, Wind: 10.5km/h
INFO 2025-11-14 23:59:23 views 17124 16664 Processed 7 days of weather forecast
INFO 2025-11-15 00:10:51 views 17124 23592 Requesting Open-Meteo API for Silay City: https://api.open-meteo.com/v1/forecast
INFO 2025-11-15 00:10:52 views 17124 23592 API returned - Rain: 0.0mm, Temp: 25.7°C, Humidity: 95%, Wind: 10.5km/h
INFO 2025-11-15 00:10:52 views 17124 23592 Processed 7 days of weather forecast
INFO 2025-11-15 00:10:58 views 17124 23592 Requesting Open-Meteo API for Silay City: https://api.open-meteo.com/v1/forecast
INFO 2025-11-15 00:10:59 views 17124 23592 API returned - Rain: 0.0mm, Temp: 25.7°C, Humidity: 95%, Wind: 10.5km/h
INFO 2025-11-15 00:10:59 views 17124 23592 Processed 7 days of weather forecast
INFO 2025-11-15 00:31:29 views 17124 18552 Requesting Open-Meteo API for Silay City: https://api.open-meteo.com/v1/forecast
INFO 2025-11-15 00:31:32 views 17124 18552 API returned - Rain: 0.0mm, Temp: 25.8°C, Humidity: 95%, Wind: 12.0km/h
INFO 2025-11-15 00:31:32 views 17124 18552 Processed 7 days of weather forecast
INFO 2025-11-15 00:31:37 views 17124 18552 Requesting Open-Meteo API for Silay City: https://api.open-meteo.com/v1/forecast
INFO 2025-11-15 00:31:38 views 17124 18552 API returned - Rain: 0.0mm, Temp: 25.8°C, Humidity: 95%, Wind: 12.0km/h
INFO 2025-11-15 00:31:38 views 17124 18552 Processed 7 days of weather forecast
INFO 2025-11-15 00:33:03 views 17124 18552 Requesting Open-Meteo API for Silay City: https://api.open-meteo.com/v1/forecast
INFO 2025-11-15 00:33:04 views 17124 18552 API returned - Rain: 0.0mm, Temp: 25.8°C, Humidity: 95%, Wind: 12.0km/h
INFO 2025-11-15 00:33:04 views 17124 18552 Processed 7 days of weather forecast
INFO 2025-11-15 00:33:12 views 17124 18552 Requesting Open-Meteo API for Silay City: https://api.open-meteo.com/v1/forecast
INFO 2025-11-15 00:33:13 views 17124 18552 API returned - Rain: 0.0mm, Temp: 25.8°C, Humidity: 95%, Wind: 12.0km/h
INFO 2025-11-15 00:33:13 views 17124 18552 Processed 7 days of weather forecast
INFO 2025-11-15 00:33:31 views 17124 18552 Requesting Open-Meteo API for Silay City: https://api.open-meteo.com/v1/forecast
INFO 2025-11-15 00:33:32 views 17124 18552 API returned - Rain: 0.0mm, Temp: 25.8°C, Humidity: 95%, Wind: 12.0km/h
INFO 2025-11-15 00:33:32 views 17124 18552 Processed 7 days of weather forecast
INFO 2025-11-15 00:34:07 views 17124 18552 Requesting Open-Meteo API for Silay City: https://api.open-meteo.com/v1/forecast
INFO 2025-11-15 00:34:09 views 17124 18552 API returned - Rain: 0.0mm, Temp: 25.8°C, Humidity: 95%, Wind: 12.0km/h
INFO 2025-11-15 00:34:09 views 17124 18552 Processed 7 days of weather forecast
INFO 2025-11-15 00:35:43 views 17124 18552 Requesting Open-Meteo API for Silay City: https://api.open-meteo.com/v1/forecast
INFO 2025-11-15 00:35:43 views 17124 18552 API returned - Rain: 0.0mm, Temp: 25.8°C, Humidity: 95%, Wind: 12.0km/h
INFO 2025-11-15 00:35:43 views 17124 18552 Processed 7 days of weather forecast
INFO 2025-11-15 00:37:29 views 17124 18552 Requesting Open-Meteo API for Silay City: https://api.open-meteo.com/v1/forecast
INFO 2025-11-15 00:37:30 views 17124 18552 API returned - Rain: 0.0mm, Temp: 25.8°C, Humidity: 95%, Wind: 12.0km/h
INFO 2025-11-15 00:37:30 views 17124 18552 Processed 7 days of weather forecast
INFO 2025-11-15 00:38:09 views 17124 18552 Requesting Open-Meteo API for Silay City: https://api.open-meteo.com/v1/forecast
INFO 2025-11-15 00:38:10 views 17124 18552 API returned - Rain: 0.0mm, Temp: 25.8°C, Humidity: 95%, Wind: 12.0km/h
INFO 2025-11-15 00:38:10 views 17124 18552 Processed 7 days of weather forecast
INFO 2025-11-15 00:39:46 views 17124 18552 Requesting Open-Meteo API for Silay City: https://api.open-meteo.com/v1/forecast
INFO 2025-11-15 00:39:47 views 17124 18552 API returned - Rain: 0.0mm, Temp: 25.8°C, Humidity: 95%, Wind: 12.0km/h
INFO 2025-11-15 00:39:47 views 17124 18552 Processed 7 days of weather forecast
INFO 2025-11-15 01:01:32 views 17124 5356 Flood record created: 20 - Flash Flood
INFO 2025-11-15 01:01:34 views 17124 5356 Requesting Open-Meteo API for Silay City: https://api.open-meteo.com/v1/forecast
INFO 2025-11-15 01:01:35 views 17124 5356 API returned - Rain: 0.0mm, Temp: 25.7°C, Humidity: 95%, Wind: 12.0km/h
INFO 2025-11-15 01:01:35 views 17124 5356 Processed 7 days of weather forecast
INFO 2025-11-15 01:10:38 views 24976 12392 Requesting Open-Meteo API for Silay City: https://api.open-meteo.com/v1/forecast
INFO 2025-11-15 01:10:41 views 24976 12392 API returned - Rain: 0.0mm, Temp: 25.7°C, Humidity: 95%, Wind: 12.0km/h
INFO 2025-11-15 01:10:41 views 24976 12392 Processed 7 days of weather forecast
INFO 2025-11-15 01:32:02 views 9872 3268 Requesting Open-Meteo API for Silay City: https://api.open-meteo.com/v1/forecast
INFO 2025-11-15 01:32:03 views 9872 3268 API returned - Rain: 0.0mm, Temp: 25.8°C, Humidity: 95%, Wind: 12.0km/h
INFO 2025-11-15 01:32:03 views 9872 3268 Processed 7 days of weather forecast
INFO 2025-11-15 02:09:58 views 23168 6000 Requesting Open-Meteo API for Silay City: https://api.open-meteo.com/v1/forecast
INFO 2025-11-15 02:09:59 views 23168 6000 API returned - Rain: 0.0mm, Temp: 25.8°C, Humidity: 94%, Wind: 12.3km/h
INFO 2025-11-15 02:09:59 views 23168 6000 Processed 7 days of weather forecast
INFO 2025-11-15 02:10:08 views 23168 6000 Flood record deleted: 20 - Flash Flood
INFO 2025-11-15 02:10:08 views 23168 6000 Requesting Open-Meteo API for Silay City: https://api.open-meteo.com/v1/forecast
INFO 2025-11-15 02:10:10 views 23168 6000 API returned - Rain: 0.0mm, Temp: 25.8°C, Humidity: 94%, Wind: 12.3km/h
INFO 2025-11-15 02:10:10 views 23168 6000 Processed 7 days of weather forecast
INFO 2025-11-15 02:17:11 views 23168 27472 Requesting Open-Meteo API for Silay City: https://api.open-meteo.com/v1/forecast
INFO 2025-11-15 02:17:12 views 23168 27472 API returned - Rain: 0.0mm, Temp: 25.9°C, Humidity: 94%, Wind: 12.3km/h
INFO 2025-11-15 02:17:12 views 23168 27472 Processed 7 days of weather forecast
INFO 2025-11-15 02:18:11 views 23168 27472 Requesting Open-Meteo API for Silay City: https://api.open-meteo.com/v1/forecast
INFO 2025-11-15 02:18:12 views 23168 27472 API returned - Rain: 0.0mm, Temp: 25.9°C, Humidity: 94%, Wind: 12.3km/h
INFO 2025-11-15 02:18:12 views 23168 27472 Processed 7 days of weather forecast
INFO 2025-11-15 02:18:27 views 23168 27472 Flood record updated: 12 - Flood
INFO 2025-11-15 02:18:29 views 23168 27472 Requesting Open-Meteo API for Silay City: https://api.open-meteo.com/v1/forecast
INFO 2025-11-15 02:18:31 views 23168 27472 API returned - Rain: 0.0mm, Temp: 25.9°C, Humidity: 94%, Wind: 12.3km/h
INFO 2025-11-15 02:18:31 views 23168 27472 Processed 7 days of weather forecast
INFO 2025-11-15 02:20:29 views 8476 29200 Flood record updated: 12 - Flood
INFO 2025-11-15 02:20:31 views 8476 29200 Requesting Open-Meteo API for Silay City: https://api.open-meteo.com/v1/forecast
INFO 2025-11-15 02:20:33 views 8476 29200 API returned - Rain: 0.0mm, Temp: 25.9°C, Humidity: 94%, Wind: 12.3km/h
INFO 2025-11-15 02:20:33 views 8476 29200 Processed 7 days of weather forecast
INFO 2025-11-15 02:20:59 views 3268 23500 Flood record deleted: 12 - Flood
INFO 2025-11-15 02:20:59 views 3268 23500 Requesting Open-Meteo API for Silay City: https://api.open-meteo.com/v1/forecast
INFO 2025-11-15 02:21:00 views 3268 23500 API returned - Rain: 0.0mm, Temp: 25.9°C, Humidity: 94%, Wind: 12.3km/h
INFO 2025-11-15 02:21:00 views 3268 23500 Processed 7 days of weather forecast
INFO 2025-11-15 02:25:33 views 3268 23500 Requesting Open-Meteo API for Silay City: https://api.open-meteo.com/v1/forecast
INFO 2025-11-15 02:25:34 views 3268 23500 API returned - Rain: 0.0mm, Temp: 25.9°C, Humidity: 94%, Wind: 12.3km/h
INFO 2025-11-15 02:25:34 views 3268 23500 Processed 7 days of weather forecast
INFO 2025-11-15 02:28:47 views 13760 24904 Requesting Open-Meteo API for Silay City: https://api.open-meteo.com/v1/forecast
INFO 2025-11-15 02:28:48 views 13760 24904 API returned - Rain: 0.0mm, Temp: 25.9°C, Humidity: 94%, Wind: 12.3km/h
INFO 2025-11-15 02:28:48 views 13760 24904 Processed 7 days of weather forecast
INFO 2025-11-15 16:21:21 views 29668 4224 Flood record created: 21 - Flash Flood
INFO 2025-11-15 16:21:23 views 29668 4224 Requesting Open-Meteo API for Silay City: https://api.open-meteo.com/v1/forecast
INFO 2025-11-15 16:21:24 views 29668 4224 API returned - Rain: 0.0mm, Temp: 27.5°C, Humidity: 87%, Wind: 14.3km/h
INFO 2025-11-15 16:21:24 views 29668 4224 Processed 7 days of weather forecast
INFO 2025-11-15 16:21:24 views 29668 4224 Created new rainfall record: 0.0mm
INFO 2025-11-15 16:21:24 views 29668 4224 Created new weather record
INFO 2025-11-15 16:21:24 views 29668 4224 Requesting WorldTides API for Cebu City: https://www.worldtides.info/api/v3
INFO 2025-11-15 16:21:26 views 29668 4224 Created new tide record: -0.219m from WorldTides API
INFO 2025-11-15 16:21:40 views 29668 4224 Flood record deleted: 21 - Flash Flood
INFO 2025-11-15 16:21:40 views 29668 4224 Requesting Open-Meteo API for Silay City: https://api.open-meteo.com/v1/forecast
INFO 2025-11-15 16:21:41 views 29668 4224 API returned - Rain: 0.0mm, Temp: 27.5°C, Humidity: 87%, Wind: 14.3km/h
INFO 2025-11-15 16:21:41 views 29668 4224 Processed 7 days of weather forecast
INFO 2025-11-15 16:29:10 views 15416 16180 Requesting Open-Meteo API for Silay City: https://api.open-meteo.com/v1/forecast
INFO 2025-11-15 16:29:12 views 15416 16180 API returned - Rain: 0.0mm, Temp: 27.5°C, Humidity: 87%, Wind: 14.3km/h
INFO 2025-11-15 16:29:12 views 15416 16180 Processed 7 days of weather forecast
INFO 2025-11-15 17:15:57 views 9780 6084 Requesting Open-Meteo API for Silay City: https://api.open-meteo.com/v1/forecast
INFO 2025-11-15 17:15:58 views 9780 6084 API returned - Rain: 0.0mm, Temp: 26.9°C, Humidity: 89%, Wind: 12.2km/h
INFO 2025-11-15 17:15:58 views 9780 6084 Processed 7 days of weather forecast
INFO 2025-11-15 17:22:30 views 10644 8408 Requesting Open-Meteo API for Silay City: https://api.open-meteo.com/v1/forecast
INFO 2025-11-15 17:22:31 views 10644 8408 API returned - Rain: 0.0mm, Temp: 26.9°C, Humidity: 89%, Wind: 12.2km/h
INFO 2025-11-15 17:22:31 views 10644 8408 Processed 7 days of weather forecast
INFO 2025-11-15 17:22:57 views 10644 8408 Requesting Open-Meteo API for Silay City: https://api.open-meteo.com/v1/forecast
INFO 2025-11-15 17:22:58 views 10644 8408 API returned - Rain: 0.0mm, Temp: 26.9°C, Humidity: 89%, Wind: 12.2km/h
INFO 2025-11-15 17:22:58 views 10644 8408 Processed 7 days of weather forecast
INFO 2025-11-15 17:31:34 views 26220 16756 Requesting Open-Meteo API for Silay City: https://api.open-meteo.com/v1/forecast
INFO 2025-11-15 17:31:35 views 26220 16756 API returned - Rain: 0.0mm, Temp: 26.8°C, Humidity: 90%, Wind: 12.0km/h
INFO 2025-11-15 17:31:35 views 26220 16756 Processed 7 days of weather forecast
INFO 2025-11-15 17:35:24 views 22788 6728 Requesting Open-Meteo API for Silay City: https://api.open-meteo.com/v1/forecast
INFO 2025-11-15 17:35:25 views 22788 6728 API returned - Rain: 0.0mm, Temp: 26.8°C, Humidity: 90%, Wind: 12.0km/h
INFO 2025-11-15 17:35:25 views 22788 6728 Processed 7 days of weather forecast
INFO 2025-11-15 17:36:10 views 22788 6728 Requesting Open-Meteo API for Silay City: https://api.open-meteo.com/v1/forecast
INFO 2025-11-15 17:36:11 views 22788 6728 API returned - Rain: 0.0mm, Temp: 26.8°C, Humidity: 90%, Wind: 12.0km/h
INFO 2025-11-15 17:36:11 views 22788 6728 Processed 7 days of weather forecast
INFO 2025-11-16 13:26:20 views 12020 13772 Requesting Open-Meteo API for Silay City: https://api.open-meteo.com/v1/forecast
INFO 2025-11-16 13:26:21 views 12020 13772 API returned - Rain: 0.0mm, Temp: 29.2°C, Humidity: 77%, Wind: 18.8km/h
INFO 2025-11-16 13:26:21 views 12020 13772 Processed 7 days of weather forecast
INFO 2025-11-16 13:26:21 views 12020 13772 Created new rainfall record: 0.0mm
INFO 2025-11-16 13:26:21 views 12020 13772 Created new weather record
INFO 2025-11-16 13:26:21 views 12020 13772 Requesting WorldTides API for Cebu City: https://www.worldtides.info/api/v3
INFO 2025-11-16 13:26:23 views 12020 13772 Created new tide record: -0.311m from WorldTides API
INFO 2025-11-16 13:26:56 views 12020 13772 Requesting Open-Meteo API for Silay City: https://api.open-meteo.com/v1/forecast
INFO 2025-11-16 13:26:58 views 12020 13772 API returned - Rain: 0.0mm, Temp: 29.2°C, Humidity: 77%, Wind: 18.8km/h
INFO 2025-11-16 13:26:58 views 12020 13772 Processed 7 days of weather forecast
INFO 2025-11-16 13:27:10 views 12020 13772 Flood record created: 22 - Flash Flood
INFO 2025-11-16 13:27:12 views 12020 13772 Requesting Open-Meteo API for Silay City: https://api.open-meteo.com/v1/forecast
INFO 2025-11-16 13:27:13 views 12020 13772 API returned - Rain: 0.0mm, Temp: 29.2°C, Humidity: 77%, Wind: 18.8km/h
INFO 2025-11-16 13:27:13 views 12020 13772 Processed 7 days of weather forecast
WARNING 2025-11-16 13:27:23 views 12020 13772 Form validation errors: <ul class="errorlist"><li>affected_barangays<ul class="errorlist" id="id_affected_barangays_error"><li>Invalid barangay names: All Barangays</li></ul></li></ul>
INFO 2025-11-16 13:27:44 views 12020 13772 Requesting Open-Meteo API for Silay City: https://api.open-meteo.com/v1/forecast
INFO 2025-11-16 13:27:45 views 12020 13772 API returned - Rain: 0.0mm, Temp: 29.2°C, Humidity: 77%, Wind: 18.8km/h
INFO 2025-11-16 13:27:45 views 12020 13772 Processed 7 days of weather forecast
INFO 2025-11-16 13:28:42 views 12020 13772 Flood record deleted: 22 - Flash Flood
INFO 2025-11-16 13:28:42 views 12020 13772 Requesting Open-Meteo API for Silay City: https://api.open-meteo.com/v1/forecast
INFO 2025-11-16 13:28:43 views 12020 13772 API returned - Rain: 0.0mm, Temp: 29.2°C, Humidity: 77%, Wind: 18.8km/h
INFO 2025-11-16 13:28:43 views 12020 13772 Processed 7 days of weather forecast
INFO 2025-11-16 13:30:44 views 12020 13772 Flood record created: 23 - Flood
INFO 2025-11-16 13:30:46 views 12020 13772 Requesting Open-Meteo API for Silay City: https://api.open-meteo.com/v1/forecast
INFO 2025-11-16 13:30:47 views 12020 13772 API returned - Rain: 0.0mm, Temp: 29.0°C, Humidity: 78%, Wind: 18.4km/h
INFO 2025-11-16 13:30:47 views 12020 13772 Processed 7 days of weather forecast
INFO 2025-11-16 15:48:50 views 25248 5276 Requesting Open-Meteo API for Silay City: https://api.open-meteo.com/v1/forecast
INFO 2025-11-16 15:48:51 views 25248 5276 API returned - Rain: 0.0mm, Temp: 27.9°C, Humidity: 83%, Wind: 15.8km/h
INFO 2025-11-16 15:48:51 views 25248 5276 Processed 7 days of weather forecast
INFO 2025-11-16 15:49:49 views 25248 5276 Requesting Open-Meteo API for Silay City: https://api.open-meteo.com/v1/forecast
INFO 2025-11-16 15:49:50 views 25248 5276 API returned - Rain: 0.0mm, Temp: 27.9°C, Humidity: 83%, Wind: 15.8km/h
INFO 2025-11-16 15:49:50 views 25248 5276 Processed 7 days of weather forecast
INFO 2025-11-16 17:34:36 views 25544 21344 Requesting Open-Meteo API for Silay City: https://api.open-meteo.com/v1/forecast
INFO 2025-11-16 17:34:37 views 25544 21344 API returned - Rain: 0.0mm, Temp: 27.0°C, Humidity: 87%, Wind: 12.5km/h
INFO 2025-11-16 17:34:37 views 25544 21344 Processed 7 days of weather forecast
INFO 2025-11-16 17:34:37 views 25544 21344 Created new rainfall record: 0.0mm
INFO 2025-11-16 17:34:37 views 25544 21344 Created new weather record
INFO 2025-11-16 17:34:37 views 25544 21344 Requesting WorldTides API for Cebu City: https://www.worldtides.info/api/v3
INFO 2025-11-16 17:34:39 views 25544 21344 Created new tide record: -0.062m from WorldTides API
INFO 2025-11-16 17:45:32 views 25544 21452 Requesting Open-Meteo API for Silay City: https://api.open-meteo.com/v1/forecast
INFO 2025-11-16 17:45:33 views 25544 21452 API returned - Rain: 0.0mm, Temp: 26.9°C, Humidity: 88%, Wind: 12.0km/h
INFO 2025-11-16 17:45:33 views 25544 21452 Processed 7 days of weather forecast
INFO 2025-11-16 22:17:14 views 25544 26264 Requesting Open-Meteo API for Silay City: https://api.open-meteo.com/v1/forecast
INFO 2025-11-16 22:17:15 views 25544 26264 API returned - Rain: 0.0mm, Temp: 26.5°C, Humidity: 90%, Wind: 11.5km/h
INFO 2025-11-16 22:17:15 views 25544 26264 Processed 7 days of weather forecast
INFO 2025-11-16 22:17:15 views 25544 26264 Created new rainfall record: 0.0mm
INFO 2025-11-16 22:17:15 views 25544 26264 Created new weather record
INFO 2025-11-16 22:17:15 views 25544 26264 Requesting WorldTides API for Cebu City: https://www.worldtides.info/api/v3
INFO 2025-11-16 22:17:17 views 25544 26264 Created new tide record: 0.409m from WorldTides API
INFO 2025-11-16 22:17:46 views 25544 26264 Requesting Open-Meteo API for Silay City: https://api.open-meteo.com/v1/forecast
INFO 2025-11-16 22:17:47 views 25544 26264 API returned - Rain: 0.0mm, Temp: 26.5°C, Humidity: 90%, Wind: 11.5km/h
INFO 2025-11-16 22:17:47 views 25544 26264 Processed 7 days of weather forecast
INFO 2025-11-16 22:18:01 views 25544 26264 Requesting Open-Meteo API for Silay City: https://api.open-meteo.com/v1/forecast
INFO 2025-11-16 22:18:02 views 25544 26264 API returned - Rain: 0.0mm, Temp: 26.5°C, Humidity: 90%, Wind: 11.5km/h
INFO 2025-11-16 22:18:02 views 25544 26264 Processed 7 days of weather forecast
INFO 2025-11-16 22:18:15 views 25544 26264 Flood record created: 24 - Flood
INFO 2025-11-16 22:18:18 views 25544 26264 Requesting Open-Meteo API for Silay City: https://api.open-meteo.com/v1/forecast
INFO 2025-11-16 22:18:19 views 25544 26264 API returned - Rain: 0.0mm, Temp: 26.5°C, Humidity: 90%, Wind: 11.5km/h
INFO 2025-11-16 22:18:19 views 25544 26264 Processed 7 days of weather forecast
WARNING 2025-11-16 22:18:52 views 25544 26264 Form validation errors: <ul class="errorlist"><li>affected_persons<ul class="errorlist" id="id_affected_persons_error"><li>Number of affected persons should be at least equal to the number of affected families.</li></ul></li></ul>
INFO 2025-11-16 22:19:05 views 25544 26264 Flood record updated: 24 - Flash Flood
INFO 2025-11-16 22:19:07 views 25544 26264 Requesting Open-Meteo API for Silay City: https://api.open-meteo.com/v1/forecast
INFO 2025-11-16 22:19:08 views 25544 26264 API returned - Rain: 0.0mm, Temp: 26.5°C, Humidity: 90%, Wind: 11.5km/h
INFO 2025-11-16 22:19:08 views 25544 26264 Processed 7 days of weather forecast
WARNING 2025-11-16 22:22:56 views 20032 19860 Unauthorized delete attempt by user 19 for record 23
INFO 2025-11-16 22:22:56 views 20032 19860 Requesting Open-Meteo API for Silay City: https://api.open-meteo.com/v1/forecast
INFO 2025-11-16 22:22:57 views 20032 19860 API returned - Rain: 0.0mm, Temp: 26.5°C, Humidity: 90%, Wind: 11.5km/h
INFO 2025-11-16 22:22:57 views 20032 19860 Processed 7 days of weather forecast
INFO 2025-11-16 22:26:53 views 15768 19164 Requesting Open-Meteo API for Silay City: https://api.open-meteo.com/v1/forecast
INFO 2025-11-16 22:26:54 views 15768 19164 API returned - Rain: 0.0mm, Temp: 26.5°C, Humidity: 90%, Wind: 11.5km/h
INFO 2025-11-16 22:26:54 views 15768 19164 Processed 7 days of weather forecast
INFO 2025-11-16 22:27:04 views 15768 19164 Requesting Open-Meteo API for Silay City: https://api.open-meteo.com/v1/forecast
INFO 2025-11-16 22:27:04 views 15768 19164 API returned - Rain: 0.0mm, Temp: 26.5°C, Humidity: 90%, Wind: 11.5km/h
INFO 2025-11-16 22:27:04 views 15768 19164 Processed 7 days of weather forecast
INFO 2025-11-16 22:27:23 views 15768 19164 Flood record deleted: 23 - Flood
INFO 2025-11-16 22:27:23 views 15768 19164 Requesting Open-Meteo API for Silay City: https://api.open-meteo.com/v1/forecast
INFO 2025-11-16 22:27:24 views 15768 19164 API returned - Rain: 0.0mm, Temp: 26.5°C, Humidity: 90%, Wind: 11.5km/h
INFO 2025-11-16 22:27:24 views 15768 19164 Processed 7 days of weather forecast
INFO 2025-11-16 22:28:12 views 15768 19164 Requesting Open-Meteo API for Silay City: https://api.open-meteo.com/v1/forecast
INFO 2025-11-16 22:28:13 views 15768 19164 API returned - Rain: 0.0mm, Temp: 26.5°C, Humidity: 90%, Wind: 11.5km/h
INFO 2025-11-16 22:28:13 views 15768 19164 Processed 7 days of weather forecast
INFO 2025-11-16 22:36:14 views 15768 19164 Requesting Open-Meteo API for Silay City: https://api.open-meteo.com/v1/forecast
INFO 2025-11-16 22:36:15 views 15768 19164 API returned - Rain: 0.0mm, Temp: 26.4°C, Humidity: 91%, Wind: 11.5km/h
INFO 2025-11-16 22:36:15 views 15768 19164 Processed 7 days of weather forecast
